Traceback (most recent call last):
  File "/Users/chenyusu/Documents/GitHub/Instagram-Network_scraping_and_analysis/scrapeMyAccount.py", line 138, in <module>
    new_followers, next_cursor['followers'] = essentialRoutines.scrape_whole_list(
                                              ^^^^^^^^^^^^^^^^^^^^^^^^^^^^^^^^^^^^
TypeError: scrape_whole_list() got an unexpected keyword argument 'next_cursor'
Traceback (most recent call last):
  File "/Users/chenyusu/Documents/GitHub/Instagram-Network_scraping_and_analysis/scrapeMyAccount.py", line 163, in <module>
    new_following, next_cursor['following'] = essentialRoutines.scrape_whole_list(
                                              ^^^^^^^^^^^^^^^^^^^^^^^^^^^^^^^^^^^^
TypeError: scrape_whole_list() got an unexpected keyword argument 'next_cursor'
Logged in using button: //button[contains(.,'Log in')]
Logged in successfully!
Logged in as fretin98

Profile Stats: {'followers': 878, 'following': 1862, 'posts': 243}
Followers: 878, Following: 1862

Scraping followers...
Error scraping followers: scrape_whole_list() got an unexpected keyword argument 'next_cursor'

Scraping following...
Error scraping following: scrape_whole_list() got an unexpected keyword argument 'next_cursor'

Session completed successfully!
Browser closed.
