2025-03-22 21:49:30,179 - INFO - ============================================================
2025-03-22 21:49:30,179 - INFO - Instagram Auto Scraper Starting
2025-03-22 21:49:30,179 - INFO - ============================================================
2025-03-22 21:49:30,179 - INFO - Auto-scraper script started
2025-03-22 21:49:30,179 - INFO - Fetching current follower and following counts from profile...
2025-03-22 21:50:08,114 - INFO - PROFILE CHECK: Logged in using button: //button[contains(.,'Log in')]
2025-03-22 21:50:08,116 - INFO - PROFILE CHECK: Logged in successfully!
2025-03-22 21:50:08,116 - INFO - PROFILE CHECK: Logged in as fretin98
2025-03-22 21:50:08,117 - INFO - PROFILE CHECK: Profile Stats: {'followers': 878, 'following': 1863, 'posts': 243}
2025-03-22 21:50:08,117 - INFO - Found profile stats
2025-03-22 21:50:08,117 - INFO - PROFILE CHECK: Followers: 878, Following: 1863
2025-03-22 21:50:08,117 - INFO - Extracted total followers: 878
2025-03-22 21:50:08,117 - INFO - Extracted total following: 1863
2025-03-22 21:50:08,117 - INFO - PROFILE CHECK: Session completed successfully!
2025-03-22 21:50:08,117 - INFO - PROFILE CHECK: Browser closed.
2025-03-22 21:50:08,975 - INFO - Updating status with initial profile counts - Followers: 878, Following: 1863
2025-03-22 21:50:08,977 - INFO - Saved data to instagram_data/auto_scrape_status.json
2025-03-22 21:50:08,980 - INFO - Current counts in status file - Followers: 878, Following: 1863
2025-03-22 21:50:08,981 - INFO - Following collection progress: 1862/1863 (99.9%)
2025-03-22 21:50:08,981 - INFO - All followers collected! 879/878
2025-03-22 21:50:08,982 - INFO - Current counts in status file - Followers: 878, Following: 1863
2025-03-22 21:50:08,982 - INFO - Following collection progress: 1862/1863 (99.9%)
2025-03-22 21:50:08,982 - INFO - All followers collected! 879/878
2025-03-22 21:50:08,984 - INFO - Current counts in status file - Followers: 878, Following: 1863
2025-03-22 21:50:08,985 - INFO - Current counts in status file - Followers: 878, Following: 1863
2025-03-22 21:50:08,990 - INFO - Only 13.9 minutes since last run. Waiting at least 15 minutes between runs.
2025-03-22 21:50:08,990 - INFO - Not safe to run right now. Waiting 60 minutes before checking again
2025-03-22 21:55:00,849 - INFO - Scraper interrupted by user
2025-03-22 21:55:00,851 - INFO - Auto-scraper script ended
