2025-03-21 11:23:34,988 - INFO - ============================================================
2025-03-21 11:23:34,988 - INFO - Instagram Auto Scraper Starting
2025-03-21 11:23:34,988 - INFO - ============================================================
2025-03-21 11:23:34,990 - INFO - Running main account scraping to get more following accounts
2025-03-21 11:23:34,990 - INFO - Starting new scraping session
2025-03-21 11:23:34,990 - INFO - Using 5 max pages for this session
2025-03-21 11:24:29,496 - INFO - SCRAPER: Logged in using button: //button[contains(.,'Log in')]
2025-03-21 11:24:29,497 - INFO - SCRAPER: Logged in successfully!
2025-03-21 11:24:29,498 - INFO - SCRAPER: Logged in as fretin98
2025-03-21 11:24:29,498 - INFO - SCRAPER: Resuming previous session...
2025-03-21 11:24:29,498 - INFO - SCRAPER: Loaded 44 followers and 396 following from previous session
2025-03-21 11:24:29,498 - INFO - SCRAPER: Profile Stats: {'followers': 878, 'following': 1862, 'posts': 243}
2025-03-21 11:24:29,498 - INFO - SCRAPER: Followers: 878, Following: 1862
2025-03-21 11:24:29,500 - INFO - Saved data to instagram_data/auto_scrape_status.json
2025-03-21 11:24:29,501 - INFO - SCRAPER: Scraping followers...
2025-03-21 11:24:29,501 - INFO - SCRAPER: Resuming with 44 already fetched followers
2025-03-21 11:24:29,501 - INFO - SCRAPER: Attempting API-based approach for followers...
2025-03-21 11:24:29,501 - INFO - SCRAPER: Found user_id: 1073026362
2025-03-21 11:24:29,501 - INFO - SCRAPER: API approach error: SyntaxError: Unexpected token '<', "<!DOCTYPE "... is not valid JSON
2025-03-21 11:24:29,501 - INFO - SCRAPER: Attempting enhanced API approach...
2025-03-21 11:24:29,501 - INFO - SCRAPER: Got CSRF token: neUz4KJLTL09wM4dfGBqvE
2025-03-21 11:24:29,501 - INFO - SCRAPER: Enhanced API approach succeeded! Found 19 followers
2025-03-21 11:24:29,501 - INFO - SCRAPER: Has more: True
2025-03-21 11:24:29,501 - INFO - SCRAPER: Next cursor: QVFDRVJZbFU3MW1HY2k1VzE1alVOZkRuRFgwa00zbWI1VTdIME9JZzJMLUx1Vi1ORFNRazlwQW9vLWJfZW54TkNPbVpXQ1N0eW9PQUVHLUI3enRkSEppRQ==
2025-03-21 11:24:29,501 - INFO - SCRAPER: Added 19 new users (filtered 0 duplicates)
2025-03-21 11:24:29,501 - INFO - SCRAPER: Total followers retrieved: 63/878
2025-03-21 11:24:29,501 - INFO - SCRAPER: Saved data to instagram_data/followers.json
2025-03-21 11:24:29,501 - INFO - SCRAPER: Saved data to instagram_data/next_cursor.json
2025-03-21 11:24:29,501 - INFO - SCRAPER: Scraping following...
2025-03-21 11:24:29,501 - INFO - SCRAPER: Resuming with 396 already fetched following
2025-03-21 11:24:29,501 - INFO - SCRAPER: Attempting API-based approach for following...
2025-03-21 11:24:29,501 - INFO - SCRAPER: Found user_id: 1073026362
2025-03-21 11:24:29,501 - INFO - SCRAPER: API approach error: SyntaxError: Unexpected token '<', "<!DOCTYPE "... is not valid JSON
2025-03-21 11:24:29,501 - INFO - SCRAPER: Attempting enhanced API approach...
2025-03-21 11:24:29,502 - INFO - SCRAPER: Got CSRF token: neUz4KJLTL09wM4dfGBqvE
2025-03-21 11:24:29,502 - INFO - SCRAPER: Enhanced API approach succeeded! Found 200 following
2025-03-21 11:24:29,502 - INFO - SCRAPER: Has more: True
2025-03-21 11:24:29,502 - INFO - SCRAPER: Next cursor: QVFBRGRwQkloa2NNVk9SQXU5Z0pWSTA2SmlCaUdiLS1KYkZveE5maDctcjgtQkxVX0NnZWRvSmNNbE9BUWs1b1hGQ213Q1B3RVZGTWhUekkzSi10VnlaMw==
2025-03-21 11:24:29,502 - INFO - SCRAPER: Added 200 new users (filtered 0 duplicates)
2025-03-21 11:24:29,504 - INFO - SCRAPER: Total following retrieved: 596/1862
2025-03-21 11:24:29,504 - INFO - SCRAPER: Saved data to instagram_data/following.json
2025-03-21 11:24:29,504 - INFO - SCRAPER: Saved data to instagram_data/next_cursor.json
2025-03-21 11:24:29,504 - INFO - SCRAPER: Getting links to following accounts...
2025-03-21 11:24:29,504 - INFO - SCRAPER: Created 596 following links from usernames
2025-03-21 11:24:29,504 - INFO - SCRAPER: Updated following links file: instagram_data/followingLinks.txt
2025-03-21 11:24:29,504 - INFO - SCRAPER: Updated adjacency list file: instagram_data/adjList.txt
2025-03-21 11:24:29,504 - INFO - SCRAPER: Added 200 new relationships (total: 600)
2025-03-21 11:24:29,505 - INFO - SCRAPER: Retrieved 596 following links
2025-03-21 11:24:29,505 - INFO - SCRAPER: Session completed successfully!
2025-03-21 11:24:29,505 - INFO - SCRAPER: Browser closed.
2025-03-21 11:24:29,594 - INFO - Saved data to instagram_data/auto_scrape_status.json
2025-03-21 11:24:29,595 - INFO - Main scraping completed. Progress: 596/1862 following accounts (32.0%)
2025-03-21 11:24:29,595 - INFO - Waiting 14 minutes before processing following accounts
