2025-03-22 18:00:57,930 - INFO - ============================================================
2025-03-22 18:00:57,930 - INFO - Instagram Auto Scraper Starting
2025-03-22 18:00:57,930 - INFO - ============================================================
2025-03-22 18:00:57,930 - INFO - Auto-scraper script started
2025-03-22 18:00:57,930 - INFO - Fetching current follower and following counts from profile...
2025-03-22 18:01:30,346 - INFO - PROFILE CHECK: Logged in using button: //button[contains(.,'Log in')]
2025-03-22 18:01:30,347 - INFO - PROFILE CHECK: Logged in successfully!
2025-03-22 18:01:30,347 - INFO - PROFILE CHECK: Logged in as fretin98
2025-03-22 18:01:30,347 - INFO - PROFILE CHECK: Profile Stats: {'followers': 877, 'following': 1861, 'posts': 243}
2025-03-22 18:01:30,347 - INFO - Found profile stats
2025-03-22 18:01:30,347 - INFO - PROFILE CHECK: Followers: 877, Following: 1861
2025-03-22 18:01:30,347 - INFO - Extracted total followers: 877
2025-03-22 18:01:30,347 - INFO - Extracted total following: 1861
2025-03-22 18:01:30,347 - INFO - PROFILE CHECK: Session completed successfully!
2025-03-22 18:01:30,347 - INFO - PROFILE CHECK: Browser closed.
2025-03-22 18:01:30,399 - INFO - Updating status with initial profile counts - Followers: 877, Following: 1861
2025-03-22 18:01:30,401 - INFO - Saved data to instagram_data/auto_scrape_status.json
2025-03-22 18:01:30,401 - INFO - Current counts in status file - Followers: 877, Following: 1861
2025-03-22 18:01:30,401 - INFO - All following accounts collected! 1862/1861
2025-03-22 18:01:30,401 - INFO - Followers collection progress: 279/877 (31.8%)
2025-03-22 18:01:30,402 - INFO - Current counts in status file - Followers: 877, Following: 1861
2025-03-22 18:01:30,402 - INFO - All following accounts collected! 1862/1861
2025-03-22 18:01:30,402 - INFO - Followers collection progress: 279/877 (31.8%)
2025-03-22 18:01:30,402 - INFO - Current counts in status file - Followers: 877, Following: 1861
2025-03-22 18:01:30,402 - INFO - Current counts in status file - Followers: 877, Following: 1861
2025-03-22 18:01:30,404 - INFO - Only 6.9 minutes since last run. Waiting at least 20 minutes between runs.
2025-03-22 18:01:30,404 - INFO - Not safe to run right now. Waiting 60 minutes before checking again
