2025-03-22 16:14:54,068 - INFO - ============================================================
2025-03-22 16:14:54,068 - INFO - Instagram Auto Scraper Starting
2025-03-22 16:14:54,068 - INFO - ============================================================
2025-03-22 16:14:54,068 - INFO - Auto-scraper script started
2025-03-22 16:14:54,068 - INFO - Fetching current follower and following counts from profile...
2025-03-22 16:15:28,317 - INFO - PROFILE CHECK: Logged in using button: //button[contains(.,'Log in')]
2025-03-22 16:15:28,317 - INFO - PROFILE CHECK: Logged in successfully!
2025-03-22 16:15:28,317 - INFO - PROFILE CHECK: Logged in as fretin98
2025-03-22 16:15:28,318 - INFO - PROFILE CHECK: Profile Stats: {'followers': 877, 'following': 1861, 'posts': 243}
2025-03-22 16:15:28,318 - INFO - Found profile stats
2025-03-22 16:15:28,318 - INFO - PROFILE CHECK: Followers: 877, Following: 1861
2025-03-22 16:15:28,318 - INFO - Extracted total followers: 877
2025-03-22 16:15:28,318 - INFO - Extracted total following: 1861
2025-03-22 16:15:28,318 - INFO - PROFILE CHECK: Session completed successfully!
2025-03-22 16:15:28,318 - INFO - PROFILE CHECK: Browser closed.
2025-03-22 16:15:28,444 - INFO - Updating status with initial profile counts - Followers: 877, Following: 1861
2025-03-22 16:15:28,445 - INFO - Saved data to instagram_data/auto_scrape_status.json
2025-03-22 16:15:28,446 - INFO - Current counts in status file - Followers: 877, Following: 1861
2025-03-22 16:15:28,446 - INFO - All following accounts collected! 1862/1861
2025-03-22 16:15:28,446 - INFO - Followers collection progress: 255/877 (29.1%)
2025-03-22 16:15:28,446 - INFO - Current counts in status file - Followers: 877, Following: 1861
2025-03-22 16:15:28,446 - INFO - All following accounts collected! 1862/1861
2025-03-22 16:15:28,446 - INFO - Followers collection progress: 255/877 (29.1%)
2025-03-22 16:15:28,446 - INFO - Current counts in status file - Followers: 877, Following: 1861
2025-03-22 16:15:28,447 - INFO - Current counts in status file - Followers: 877, Following: 1861
2025-03-22 16:15:28,449 - INFO - Only 1.5 minutes since last run. Waiting at least 20 minutes between runs.
2025-03-22 16:15:28,449 - INFO - Not safe to run right now. Waiting 60 minutes before checking again
2025-03-22 17:15:28,380 - INFO - Current counts in status file - Followers: 877, Following: 1861
2025-03-22 17:15:28,381 - INFO - All following accounts collected! 1862/1861
2025-03-22 17:15:28,381 - INFO - Followers collection progress: 255/877 (29.1%)
2025-03-22 17:15:28,381 - INFO - Current counts in status file - Followers: 877, Following: 1861
2025-03-22 17:15:28,381 - INFO - Current counts in status file - Followers: 877, Following: 1861
2025-03-22 17:15:28,382 - INFO - Starting new scraping session
2025-03-22 17:15:28,382 - INFO - Current counts in status file - Followers: 877, Following: 1861
2025-03-22 17:15:28,383 - INFO - Need to collect more followers: 255/877
2025-03-22 17:15:28,383 - INFO - Using 6 max pages for this session
2025-03-22 17:15:28,383 - INFO - Following collection is complete. Only scraping followers in this session.
2025-03-22 17:16:12,099 - INFO - SCRAPER: Logged in using button: //button[contains(.,'Log in')]
2025-03-22 17:16:12,100 - INFO - SCRAPER: Logged in successfully!
2025-03-22 17:16:12,100 - INFO - SCRAPER: Logged in as fretin98
2025-03-22 17:16:12,100 - INFO - SCRAPER: Resuming previous session...
2025-03-22 17:16:12,100 - INFO - SCRAPER: Loaded 255 followers and 1862 following from previous session
2025-03-22 17:16:12,100 - INFO - SCRAPER: Profile Stats: {'followers': 877, 'following': 1861, 'posts': 243}
2025-03-22 17:16:12,100 - INFO - Found profile stats line
2025-03-22 17:16:12,100 - INFO - SCRAPER: Followers: 877, Following: 1861
2025-03-22 17:16:12,100 - INFO - Extracted total followers: 877
2025-03-22 17:16:12,100 - INFO - Extracted total following: 1861
2025-03-22 17:16:12,100 - INFO - SCRAPER: Scraping followers...
2025-03-22 17:16:12,100 - INFO - SCRAPER: Resuming with 255 already fetched followers
2025-03-22 17:16:12,100 - INFO - SCRAPER: Attempting API-based approach for followers...
2025-03-22 17:16:12,100 - INFO - SCRAPER: Found user_id: 1073026362
2025-03-22 17:16:12,100 - INFO - SCRAPER: API approach error: SyntaxError: Unexpected token '<', "<!DOCTYPE "... is not valid JSON
2025-03-22 17:16:12,100 - INFO - SCRAPER: Attempting enhanced API approach...
2025-03-22 17:16:12,100 - INFO - SCRAPER: Got CSRF token: pZwfvwH-Jj-VO6lpGRSryr
2025-03-22 17:16:12,100 - INFO - SCRAPER: Enhanced API approach succeeded! Found 24 followers
2025-03-22 17:16:12,100 - INFO - SCRAPER: Has more: True
2025-03-22 17:16:12,100 - INFO - SCRAPER: Next cursor: QVFDNGJldzdvMEF4UlJSZ3kzajBMY0FuTkdISG0zT0hyTHZCVU1kVktUNGJHWGJQMXV6TVNubWVqVk82MDNiQ1VQZDUxUDlhRmpYYkk2VDZUaHd6ZVUwNw==
2025-03-22 17:16:12,100 - INFO - SCRAPER: Added 24 new users (filtered 0 duplicates)
2025-03-22 17:16:12,100 - INFO - SCRAPER: Total followers retrieved: 279/877
2025-03-22 17:16:12,100 - INFO - SCRAPER: Saved data to instagram_data/followers.json
2025-03-22 17:16:12,100 - INFO - SCRAPER: Saved data to instagram_data/next_cursor.json
2025-03-22 17:16:12,100 - INFO - SCRAPER: Getting links to following accounts...
2025-03-22 17:16:12,100 - INFO - SCRAPER: Created 1862 following links from usernames
2025-03-22 17:16:12,100 - INFO - SCRAPER: Updated following links file: instagram_data/followingLinks.txt
2025-03-22 17:16:12,100 - INFO - SCRAPER: Updated adjacency list file: instagram_data/adjList.txt
2025-03-22 17:16:12,100 - INFO - SCRAPER: Added 0 new relationships (total: 6345)
2025-03-22 17:16:12,100 - INFO - SCRAPER: Retrieved 1862 following links
2025-03-22 17:16:12,100 - INFO - SCRAPER: Session completed successfully!
2025-03-22 17:16:12,100 - INFO - SCRAPER: Browser closed.
2025-03-22 17:16:12,170 - INFO - Updating status with dynamic counts - Followers: 877, Following: 1861
2025-03-22 17:16:12,172 - INFO - Saved data to instagram_data/auto_scrape_status.json
2025-03-22 17:16:12,173 - INFO - Session completed with result: True. Waiting 1 hours and 7 minutes before next session...
2025-03-22 17:54:17,019 - INFO - Scraper interrupted by user
2025-03-22 17:54:17,020 - INFO - Auto-scraper script ended
