2025-03-21 00:58:47,926 - INFO - ============================================================
2025-03-21 00:58:47,926 - INFO - Instagram Auto Scraper Starting
2025-03-21 00:58:47,926 - INFO - ============================================================
2025-03-21 00:58:47,928 - INFO - Only 3.3 minutes since last run. Waiting at least 45 minutes between runs.
2025-03-21 00:58:47,928 - INFO - Waiting 60 minutes before checking again
2025-03-21 01:58:48,067 - INFO - Running main account scraping to get more following accounts
2025-03-21 01:58:48,067 - INFO - Starting new scraping session
2025-03-21 01:59:21,304 - INFO - SCRAPER: Logged in using button: //button[contains(.,'Log in')]
2025-03-21 01:59:21,305 - INFO - SCRAPER: Logged in successfully!
2025-03-21 01:59:21,305 - INFO - SCRAPER: Logged in as fretin98
2025-03-21 01:59:21,305 - INFO - SCRAPER: Resuming previous session...
2025-03-21 01:59:21,305 - INFO - SCRAPER: Loaded 63 followers and 596 following from previous session
2025-03-21 01:59:21,305 - INFO - SCRAPER: Profile Stats: {'followers': 878, 'following': 1861, 'posts': 243}
2025-03-21 01:59:21,305 - INFO - SCRAPER: Followers: 878, Following: 1861
2025-03-21 01:59:21,306 - INFO - Saved data to instagram_data/auto_scrape_status.json
2025-03-21 01:59:21,306 - INFO - SCRAPER: Scraping followers...
2025-03-21 01:59:21,306 - INFO - SCRAPER: Error scraping followers: scrape_whole_list() got an unexpected keyword argument 'max_pages'
2025-03-21 01:59:21,306 - INFO - SCRAPER: Scraping following...
2025-03-21 01:59:21,306 - INFO - SCRAPER: Error scraping following: scrape_whole_list() got an unexpected keyword argument 'max_pages'
2025-03-21 01:59:21,306 - INFO - SCRAPER: Getting links to following accounts...
2025-03-21 01:59:21,306 - INFO - SCRAPER: Created 596 following links from usernames
2025-03-21 01:59:21,306 - INFO - SCRAPER: Updated following links file: instagram_data/followingLinks.txt
2025-03-21 01:59:21,306 - INFO - SCRAPER: Updated adjacency list file: instagram_data/adjList.txt
2025-03-21 01:59:21,306 - INFO - SCRAPER: Retrieved 596 following links
2025-03-21 01:59:21,306 - INFO - SCRAPER: Session completed successfully!
2025-03-21 01:59:21,306 - INFO - SCRAPER: Browser closed.
2025-03-21 01:59:21,353 - INFO - Saved data to instagram_data/auto_scrape_status.json
2025-03-21 01:59:21,353 - INFO - Main scraping completed. Progress: 596/1861 following accounts (32.0%)
2025-03-21 01:59:21,353 - INFO - Waiting 14 minutes before processing following accounts
2025-03-21 02:13:21,387 - INFO - Starting following accounts scraping session
2025-03-21 02:26:10,560 - INFO - FOLLOWING SCRAPER: Loaded scraping progress: 0 accounts processed
2025-03-21 02:26:10,561 - INFO - FOLLOWING SCRAPER: Will process 3 accounts in this session
2025-03-21 02:26:10,561 - INFO - FOLLOWING SCRAPER: Login might have failed. Current URL still shows login page.
2025-03-21 02:26:10,561 - INFO - FOLLOWING SCRAPER: Loaded 596 links from instagram_data/followingLinks.txt
2025-03-21 02:26:10,561 - INFO - FOLLOWING SCRAPER: Loaded adjacency list from instagram_data/adjList.txt
2025-03-21 02:26:10,561 - INFO - FOLLOWING SCRAPER: Starting batch processing of 3 accounts
2025-03-21 02:26:10,561 - INFO - FOLLOWING SCRAPER: Processing: https://www.instagram.com/nancyaichuan/
2025-03-21 02:26:10,561 - INFO - FOLLOWING SCRAPER: Scraping nancyaichuan
2025-03-21 02:26:10,561 - INFO - FOLLOWING SCRAPER: nancyaichuan: Followers: 230, Following: 513
2025-03-21 02:26:10,561 - INFO - FOLLOWING SCRAPER: Scraping 230 followers for nancyaichuan...
2025-03-21 02:26:10,561 - INFO - FOLLOWING SCRAPER: Resuming with 0 already fetched followers
2025-03-21 02:26:10,561 - INFO - FOLLOWING SCRAPER: Attempting API-based approach for followers...
2025-03-21 02:26:10,561 - INFO - FOLLOWING SCRAPER: Found user_id: 3271787479
2025-03-21 02:26:10,561 - INFO - FOLLOWING SCRAPER: API approach error: SyntaxError: Unexpected token '<', "<!DOCTYPE "... is not valid JSON
2025-03-21 02:26:10,561 - INFO - FOLLOWING SCRAPER: Attempting enhanced API approach...
2025-03-21 02:26:10,561 - INFO - FOLLOWING SCRAPER: Got CSRF token: 0REgB5kSDMfrGEZ0C37Ij1
2025-03-21 02:26:10,561 - INFO - FOLLOWING SCRAPER: Enhanced API approach error: HTTP error! status: 401
2025-03-21 02:26:10,561 - INFO - FOLLOWING SCRAPER: Found dialog using selector: //div[contains(@role, 'dialog')]
2025-03-21 02:26:10,561 - INFO - FOLLOWING SCRAPER: Found scrollable area using selector: //div[contains(@role,'dialog')]
2025-03-21 02:26:10,561 - INFO - FOLLOWING SCRAPER: Scrolled from 0 to 40 (height: 40)
2025-03-21 02:26:10,561 - INFO - FOLLOWING SCRAPER: Used click and drag scrolling
2025-03-21 02:26:10,561 - INFO - FOLLOWING SCRAPER: Used touch-based scrolling
2025-03-21 02:26:10,561 - INFO - FOLLOWING SCRAPER: JS count found 0 items
2025-03-21 02:26:10,561 - INFO - FOLLOWING SCRAPER: Current items loaded: 0/230 (attempt 1)
2025-03-21 02:26:10,561 - INFO - FOLLOWING SCRAPER: Scrolled from 0 to 40 (height: 40)
2025-03-21 02:26:10,561 - INFO - FOLLOWING SCRAPER: JS count found 0 items
2025-03-21 02:26:10,561 - INFO - FOLLOWING SCRAPER: Current items loaded: 0/230 (attempt 2)
2025-03-21 02:26:10,561 - INFO - FOLLOWING SCRAPER: Scrolled from 0 to 40 (height: 40)
2025-03-21 02:26:10,561 - INFO - FOLLOWING SCRAPER: JS count found 0 items
2025-03-21 02:26:10,561 - INFO - FOLLOWING SCRAPER: Current items loaded: 0/230 (attempt 3)
2025-03-21 02:26:10,561 - INFO - FOLLOWING SCRAPER: Scrolled from 0 to 40 (height: 40)
2025-03-21 02:26:10,561 - INFO - FOLLOWING SCRAPER: Used click and drag scrolling
2025-03-21 02:26:10,561 - INFO - FOLLOWING SCRAPER: JS count found 0 items
2025-03-21 02:26:10,561 - INFO - FOLLOWING SCRAPER: Current items loaded: 0/230 (attempt 4)
2025-03-21 02:26:10,561 - INFO - FOLLOWING SCRAPER: Scrolled from 0 to 40 (height: 40)
2025-03-21 02:26:10,562 - INFO - FOLLOWING SCRAPER: JS count found 0 items
2025-03-21 02:26:10,562 - INFO - FOLLOWING SCRAPER: Current items loaded: 0/230 (attempt 5)
2025-03-21 02:26:10,562 - INFO - FOLLOWING SCRAPER: Scrolled from 0 to 40 (height: 40)
2025-03-21 02:26:10,562 - INFO - FOLLOWING SCRAPER: Used touch-based scrolling
2025-03-21 02:26:10,562 - INFO - FOLLOWING SCRAPER: JS count found 0 items
2025-03-21 02:26:10,562 - INFO - FOLLOWING SCRAPER: Current items loaded: 0/230 (attempt 6)
2025-03-21 02:26:10,562 - INFO - FOLLOWING SCRAPER: Scrolled from 0 to 40 (height: 40)
2025-03-21 02:26:10,562 - INFO - FOLLOWING SCRAPER: Used click and drag scrolling
2025-03-21 02:26:10,562 - INFO - FOLLOWING SCRAPER: JS count found 0 items
2025-03-21 02:26:10,562 - INFO - FOLLOWING SCRAPER: Current items loaded: 0/230 (attempt 7)
2025-03-21 02:26:10,562 - INFO - FOLLOWING SCRAPER: Scrolled from 0 to 40 (height: 40)
2025-03-21 02:26:10,562 - INFO - FOLLOWING SCRAPER: JS count found 0 items
2025-03-21 02:26:10,562 - INFO - FOLLOWING SCRAPER: Current items loaded: 0/230 (attempt 8)
2025-03-21 02:26:10,562 - INFO - FOLLOWING SCRAPER: Scrolled from 0 to 40 (height: 40)
2025-03-21 02:26:10,562 - INFO - FOLLOWING SCRAPER: JS count found 0 items
2025-03-21 02:26:10,562 - INFO - FOLLOWING SCRAPER: Current items loaded: 0/230 (attempt 9)
2025-03-21 02:26:10,562 - INFO - FOLLOWING SCRAPER: Scrolled from 0 to 40 (height: 40)
2025-03-21 02:26:10,562 - INFO - FOLLOWING SCRAPER: Used click and drag scrolling
2025-03-21 02:26:10,562 - INFO - FOLLOWING SCRAPER: JS count found 0 items
2025-03-21 02:26:10,562 - INFO - FOLLOWING SCRAPER: Current items loaded: 0/230 (attempt 10)
2025-03-21 02:26:10,562 - INFO - FOLLOWING SCRAPER: Scrolled from 0 to 40 (height: 40)
2025-03-21 02:26:10,562 - INFO - FOLLOWING SCRAPER: Used touch-based scrolling
2025-03-21 02:26:10,562 - INFO - FOLLOWING SCRAPER: JS count found 0 items
2025-03-21 02:26:10,562 - INFO - FOLLOWING SCRAPER: Current items loaded: 0/230 (attempt 11)
2025-03-21 02:26:10,562 - INFO - FOLLOWING SCRAPER: No progress after 11 attempts. Trying direct API as fallback.
2025-03-21 02:26:10,562 - INFO - FOLLOWING SCRAPER: Added 2 new users via UI approach (filtered 0 duplicates)
2025-03-21 02:26:10,562 - INFO - FOLLOWING SCRAPER: Scraped 2 new followers
2025-03-21 02:26:10,562 - INFO - FOLLOWING SCRAPER: Retrieved 2 followers
2025-03-21 02:26:10,562 - INFO - FOLLOWING SCRAPER: Scraping 513 following for nancyaichuan...
2025-03-21 02:26:10,562 - INFO - FOLLOWING SCRAPER: Resuming with 0 already fetched following
2025-03-21 02:26:10,562 - INFO - FOLLOWING SCRAPER: Attempting API-based approach for following...
2025-03-21 02:26:10,562 - INFO - FOLLOWING SCRAPER: Found user_id: 3271787479
2025-03-21 02:26:10,562 - INFO - FOLLOWING SCRAPER: API approach error: SyntaxError: Unexpected token '<', "<!DOCTYPE "... is not valid JSON
2025-03-21 02:26:10,562 - INFO - FOLLOWING SCRAPER: Attempting enhanced API approach...
2025-03-21 02:26:10,562 - INFO - FOLLOWING SCRAPER: Got CSRF token: 0REgB5kSDMfrGEZ0C37Ij1
2025-03-21 02:26:10,562 - INFO - FOLLOWING SCRAPER: Enhanced API approach error: HTTP error! status: 401
2025-03-21 02:26:10,562 - INFO - FOLLOWING SCRAPER: Found dialog using selector: //div[contains(@role, 'dialog')]
2025-03-21 02:26:10,562 - INFO - FOLLOWING SCRAPER: Found scrollable area using selector: //div[contains(@role,'dialog')]
2025-03-21 02:26:10,562 - INFO - FOLLOWING SCRAPER: Scrolled from 0 to 40 (height: 40)
2025-03-21 02:26:10,562 - INFO - FOLLOWING SCRAPER: Used click and drag scrolling
2025-03-21 02:26:10,562 - INFO - FOLLOWING SCRAPER: Used touch-based scrolling
2025-03-21 02:26:10,562 - INFO - FOLLOWING SCRAPER: JS count found 0 items
2025-03-21 02:26:10,562 - INFO - FOLLOWING SCRAPER: Current items loaded: 0/513 (attempt 1)
2025-03-21 02:26:10,562 - INFO - FOLLOWING SCRAPER: Scrolled from 0 to 40 (height: 40)
2025-03-21 02:26:10,562 - INFO - FOLLOWING SCRAPER: JS count found 0 items
2025-03-21 02:26:10,562 - INFO - FOLLOWING SCRAPER: Current items loaded: 0/513 (attempt 2)
2025-03-21 02:26:10,562 - INFO - FOLLOWING SCRAPER: Scrolled from 0 to 40 (height: 40)
2025-03-21 02:26:10,562 - INFO - FOLLOWING SCRAPER: JS count found 0 items
2025-03-21 02:26:10,562 - INFO - FOLLOWING SCRAPER: Current items loaded: 0/513 (attempt 3)
2025-03-21 02:26:10,562 - INFO - FOLLOWING SCRAPER: Scrolled from 0 to 40 (height: 40)
2025-03-21 02:26:10,562 - INFO - FOLLOWING SCRAPER: Used click and drag scrolling
2025-03-21 02:26:10,562 - INFO - FOLLOWING SCRAPER: JS count found 0 items
2025-03-21 02:26:10,562 - INFO - FOLLOWING SCRAPER: Current items loaded: 0/513 (attempt 4)
2025-03-21 02:26:10,562 - INFO - FOLLOWING SCRAPER: Scrolled from 0 to 40 (height: 40)
2025-03-21 02:26:10,562 - INFO - FOLLOWING SCRAPER: JS count found 0 items
2025-03-21 02:26:10,562 - INFO - FOLLOWING SCRAPER: Current items loaded: 0/513 (attempt 5)
2025-03-21 02:26:10,562 - INFO - FOLLOWING SCRAPER: Scrolled from 0 to 40 (height: 40)
2025-03-21 02:26:10,562 - INFO - FOLLOWING SCRAPER: Used touch-based scrolling
2025-03-21 02:26:10,562 - INFO - FOLLOWING SCRAPER: JS count found 0 items
2025-03-21 02:26:10,562 - INFO - FOLLOWING SCRAPER: Current items loaded: 0/513 (attempt 6)
2025-03-21 02:26:10,562 - INFO - FOLLOWING SCRAPER: Scrolled from 0 to 40 (height: 40)
2025-03-21 02:26:10,562 - INFO - FOLLOWING SCRAPER: Used click and drag scrolling
2025-03-21 02:26:10,562 - INFO - FOLLOWING SCRAPER: JS count found 0 items
2025-03-21 02:26:10,562 - INFO - FOLLOWING SCRAPER: Current items loaded: 0/513 (attempt 7)
2025-03-21 02:26:10,562 - INFO - FOLLOWING SCRAPER: Scrolled from 0 to 40 (height: 40)
2025-03-21 02:26:10,562 - INFO - FOLLOWING SCRAPER: JS count found 0 items
2025-03-21 02:26:10,562 - INFO - FOLLOWING SCRAPER: Current items loaded: 0/513 (attempt 8)
2025-03-21 02:26:10,562 - INFO - FOLLOWING SCRAPER: Scrolled from 0 to 40 (height: 40)
2025-03-21 02:26:10,562 - INFO - FOLLOWING SCRAPER: JS count found 0 items
2025-03-21 02:26:10,562 - INFO - FOLLOWING SCRAPER: Current items loaded: 0/513 (attempt 9)
2025-03-21 02:26:10,562 - INFO - FOLLOWING SCRAPER: Scrolled from 0 to 40 (height: 40)
2025-03-21 02:26:10,562 - INFO - FOLLOWING SCRAPER: Used click and drag scrolling
2025-03-21 02:26:10,562 - INFO - FOLLOWING SCRAPER: JS count found 0 items
2025-03-21 02:26:10,562 - INFO - FOLLOWING SCRAPER: Current items loaded: 0/513 (attempt 10)
2025-03-21 02:26:10,563 - INFO - FOLLOWING SCRAPER: Scrolled from 0 to 40 (height: 40)
2025-03-21 02:26:10,563 - INFO - FOLLOWING SCRAPER: Used touch-based scrolling
2025-03-21 02:26:10,563 - INFO - FOLLOWING SCRAPER: JS count found 0 items
2025-03-21 02:26:10,563 - INFO - FOLLOWING SCRAPER: Current items loaded: 0/513 (attempt 11)
2025-03-21 02:26:10,563 - INFO - FOLLOWING SCRAPER: No progress after 11 attempts. Trying direct API as fallback.
2025-03-21 02:26:10,563 - INFO - FOLLOWING SCRAPER: Added 2 new users via UI approach (filtered 0 duplicates)
2025-03-21 02:26:10,563 - INFO - FOLLOWING SCRAPER: Scraped 2 new following
2025-03-21 02:26:10,563 - INFO - FOLLOWING SCRAPER: Retrieved 2 following
2025-03-21 02:26:10,563 - INFO - FOLLOWING SCRAPER: Saved data to instagram_data/scraping_progress.json
2025-03-21 02:26:10,563 - INFO - FOLLOWING SCRAPER: Completed 1/3 accounts. 595 remaining in queue.
2025-03-21 02:26:10,563 - INFO - FOLLOWING SCRAPER: Waiting 5 seconds before next account...
2025-03-21 02:26:10,563 - INFO - FOLLOWING SCRAPER: Processing: https://www.instagram.com/zeitgeistfilms/
2025-03-21 02:26:10,563 - INFO - FOLLOWING SCRAPER: Scraping zeitgeistfilms
2025-03-21 02:26:10,563 - INFO - FOLLOWING SCRAPER: zeitgeistfilms: Followers: 5070, Following: 777
2025-03-21 02:26:10,563 - INFO - FOLLOWING SCRAPER: Account has too many followers (5070) or following (777). Skipping detailed scraping.
2025-03-21 02:26:10,563 - INFO - FOLLOWING SCRAPER: Saved data to instagram_data/scraping_progress.json
2025-03-21 02:26:10,563 - INFO - FOLLOWING SCRAPER: Completed 2/3 accounts. 594 remaining in queue.
2025-03-21 02:26:10,563 - INFO - FOLLOWING SCRAPER: Waiting 5 seconds before next account...
2025-03-21 02:26:10,563 - INFO - FOLLOWING SCRAPER: Processing: https://www.instagram.com/vicf0428/
2025-03-21 02:26:10,563 - INFO - FOLLOWING SCRAPER: Scraping vicf0428
2025-03-21 02:26:10,563 - INFO - FOLLOWING SCRAPER: vicf0428: Followers: 176, Following: 171
2025-03-21 02:26:10,563 - INFO - FOLLOWING SCRAPER: Scraping 176 followers for vicf0428...
2025-03-21 02:26:10,563 - INFO - FOLLOWING SCRAPER: Resuming with 0 already fetched followers
2025-03-21 02:26:10,563 - INFO - FOLLOWING SCRAPER: Attempting API-based approach for followers...
2025-03-21 02:26:10,563 - INFO - FOLLOWING SCRAPER: Found user_id: 50726682083
2025-03-21 02:26:10,563 - INFO - FOLLOWING SCRAPER: API approach error: SyntaxError: Unexpected token '<', "<!DOCTYPE "... is not valid JSON
2025-03-21 02:26:10,563 - INFO - FOLLOWING SCRAPER: Attempting enhanced API approach...
2025-03-21 02:26:10,563 - INFO - FOLLOWING SCRAPER: Got CSRF token: 0REgB5kSDMfrGEZ0C37Ij1
2025-03-21 02:26:10,563 - INFO - FOLLOWING SCRAPER: Enhanced API approach error: HTTP error! status: 401
2025-03-21 02:26:10,563 - INFO - FOLLOWING SCRAPER: Found dialog using selector: //div[contains(@role, 'dialog')]
2025-03-21 02:26:10,563 - INFO - FOLLOWING SCRAPER: Found scrollable area using selector: //div[contains(@role,'dialog')]
2025-03-21 02:26:10,563 - INFO - FOLLOWING SCRAPER: Scrolled from 0 to 40 (height: 40)
2025-03-21 02:26:10,563 - INFO - FOLLOWING SCRAPER: Used click and drag scrolling
2025-03-21 02:26:10,563 - INFO - FOLLOWING SCRAPER: Used touch-based scrolling
2025-03-21 02:26:10,563 - INFO - FOLLOWING SCRAPER: JS count found 0 items
2025-03-21 02:26:10,563 - INFO - FOLLOWING SCRAPER: Current items loaded: 0/176 (attempt 1)
2025-03-21 02:26:10,563 - INFO - FOLLOWING SCRAPER: Scrolled from 0 to 40 (height: 40)
2025-03-21 02:26:10,563 - INFO - FOLLOWING SCRAPER: JS count found 0 items
2025-03-21 02:26:10,563 - INFO - FOLLOWING SCRAPER: Current items loaded: 0/176 (attempt 2)
2025-03-21 02:26:10,563 - INFO - FOLLOWING SCRAPER: Scrolled from 0 to 40 (height: 40)
2025-03-21 02:26:10,563 - INFO - FOLLOWING SCRAPER: JS count found 0 items
2025-03-21 02:26:10,563 - INFO - FOLLOWING SCRAPER: Current items loaded: 0/176 (attempt 3)
2025-03-21 02:26:10,563 - INFO - FOLLOWING SCRAPER: Scrolled from 0 to 40 (height: 40)
2025-03-21 02:26:10,563 - INFO - FOLLOWING SCRAPER: Used click and drag scrolling
2025-03-21 02:26:10,563 - INFO - FOLLOWING SCRAPER: JS count found 0 items
2025-03-21 02:26:10,563 - INFO - FOLLOWING SCRAPER: Current items loaded: 0/176 (attempt 4)
2025-03-21 02:26:10,563 - INFO - FOLLOWING SCRAPER: Scrolled from 0 to 40 (height: 40)
2025-03-21 02:26:10,563 - INFO - FOLLOWING SCRAPER: JS count found 0 items
2025-03-21 02:26:10,563 - INFO - FOLLOWING SCRAPER: Current items loaded: 0/176 (attempt 5)
2025-03-21 02:26:10,563 - INFO - FOLLOWING SCRAPER: Scrolled from 0 to 40 (height: 40)
2025-03-21 02:26:10,563 - INFO - FOLLOWING SCRAPER: Used touch-based scrolling
2025-03-21 02:26:10,563 - INFO - FOLLOWING SCRAPER: JS count found 0 items
2025-03-21 02:26:10,563 - INFO - FOLLOWING SCRAPER: Current items loaded: 0/176 (attempt 6)
2025-03-21 02:26:10,563 - INFO - FOLLOWING SCRAPER: Scrolled from 0 to 40 (height: 40)
2025-03-21 02:26:10,563 - INFO - FOLLOWING SCRAPER: Used click and drag scrolling
2025-03-21 02:26:10,563 - INFO - FOLLOWING SCRAPER: JS count found 0 items
2025-03-21 02:26:10,563 - INFO - FOLLOWING SCRAPER: Current items loaded: 0/176 (attempt 7)
2025-03-21 02:26:10,563 - INFO - FOLLOWING SCRAPER: Scrolled from 0 to 40 (height: 40)
2025-03-21 02:26:10,563 - INFO - FOLLOWING SCRAPER: JS count found 0 items
2025-03-21 02:26:10,563 - INFO - FOLLOWING SCRAPER: Current items loaded: 0/176 (attempt 8)
2025-03-21 02:26:10,563 - INFO - FOLLOWING SCRAPER: Scrolled from 0 to 40 (height: 40)
2025-03-21 02:26:10,563 - INFO - FOLLOWING SCRAPER: JS count found 0 items
2025-03-21 02:26:10,563 - INFO - FOLLOWING SCRAPER: Current items loaded: 0/176 (attempt 9)
2025-03-21 02:26:10,563 - INFO - FOLLOWING SCRAPER: Scrolled from 0 to 40 (height: 40)
2025-03-21 02:26:10,563 - INFO - FOLLOWING SCRAPER: Used click and drag scrolling
2025-03-21 02:26:10,563 - INFO - FOLLOWING SCRAPER: JS count found 0 items
2025-03-21 02:26:10,564 - INFO - FOLLOWING SCRAPER: Current items loaded: 0/176 (attempt 10)
2025-03-21 02:26:10,564 - INFO - FOLLOWING SCRAPER: Scrolled from 0 to 40 (height: 40)
2025-03-21 02:26:10,564 - INFO - FOLLOWING SCRAPER: Used touch-based scrolling
2025-03-21 02:26:10,564 - INFO - FOLLOWING SCRAPER: JS count found 0 items
2025-03-21 02:26:10,564 - INFO - FOLLOWING SCRAPER: Current items loaded: 0/176 (attempt 11)
2025-03-21 02:26:10,564 - INFO - FOLLOWING SCRAPER: No progress after 11 attempts. Trying direct API as fallback.
2025-03-21 02:26:10,564 - INFO - FOLLOWING SCRAPER: Added 2 new users via UI approach (filtered 0 duplicates)
2025-03-21 02:26:10,564 - INFO - FOLLOWING SCRAPER: Scraped 2 new followers
2025-03-21 02:26:10,564 - INFO - FOLLOWING SCRAPER: Retrieved 2 followers
2025-03-21 02:26:10,564 - INFO - FOLLOWING SCRAPER: Scraping 171 following for vicf0428...
2025-03-21 02:26:10,564 - INFO - FOLLOWING SCRAPER: Resuming with 0 already fetched following
2025-03-21 02:26:10,564 - INFO - FOLLOWING SCRAPER: Attempting API-based approach for following...
2025-03-21 02:26:10,564 - INFO - FOLLOWING SCRAPER: Found user_id: 50726682083
2025-03-21 02:26:10,564 - INFO - FOLLOWING SCRAPER: API approach error: SyntaxError: Unexpected token '<', "<!DOCTYPE "... is not valid JSON
2025-03-21 02:26:10,564 - INFO - FOLLOWING SCRAPER: Attempting enhanced API approach...
2025-03-21 02:26:10,564 - INFO - FOLLOWING SCRAPER: Got CSRF token: 0REgB5kSDMfrGEZ0C37Ij1
2025-03-21 02:26:10,564 - INFO - FOLLOWING SCRAPER: Enhanced API approach error: HTTP error! status: 401
2025-03-21 02:26:10,564 - INFO - FOLLOWING SCRAPER: Error locating following dialog
2025-03-21 02:26:10,564 - INFO - FOLLOWING SCRAPER: Retrieved 0 following
2025-03-21 02:26:10,564 - INFO - FOLLOWING SCRAPER: Saved data to instagram_data/scraping_progress.json
2025-03-21 02:26:10,564 - INFO - FOLLOWING SCRAPER: Completed 3/3 accounts. 593 remaining in queue.
2025-03-21 02:26:10,564 - INFO - FOLLOWING SCRAPER: Waiting 5 seconds before next account...
2025-03-21 02:26:10,564 - INFO - FOLLOWING SCRAPER: Batch complete! Processed 3 accounts.
2025-03-21 02:26:10,564 - INFO - FOLLOWING SCRAPER: 593 links remaining for future sessions.
2025-03-21 02:26:10,564 - INFO - FOLLOWING SCRAPER: Browser closed. Script complete.
2025-03-21 02:26:10,668 - INFO - Following scraping completed. 3 accounts processed, 593 remaining.
2025-03-21 02:26:10,668 - INFO - Waiting 49 minutes until next session at 03:15:10
2025-03-21 02:36:13,974 - INFO - 39 minutes remaining until next session
2025-03-21 02:46:17,182 - INFO - 29 minutes remaining until next session
2025-03-21 02:56:20,235 - INFO - 19 minutes remaining until next session
2025-03-21 03:06:23,589 - INFO - 9 minutes remaining until next session
2025-03-21 03:15:26,577 - INFO - It's 3:00, during pause hours. Waiting until morning.
2025-03-21 03:15:26,577 - INFO - Waiting 60 minutes before checking again
2025-03-21 04:15:26,573 - INFO - It's 4:00, during pause hours. Waiting until morning.
2025-03-21 04:15:26,574 - INFO - Waiting 60 minutes before checking again
2025-03-21 05:15:26,604 - INFO - It's 5:00, during pause hours. Waiting until morning.
2025-03-21 05:15:26,604 - INFO - Waiting 60 minutes before checking again
2025-03-21 06:15:26,583 - INFO - Running main account scraping to get more following accounts
2025-03-21 06:15:26,584 - INFO - Starting new scraping session
2025-03-21 06:16:00,012 - INFO - SCRAPER: Logged in using button: //button[contains(.,'Log in')]
2025-03-21 06:16:00,012 - INFO - SCRAPER: Logged in successfully!
2025-03-21 06:16:00,012 - INFO - SCRAPER: Logged in as fretin98
2025-03-21 06:16:00,012 - INFO - SCRAPER: Resuming previous session...
2025-03-21 06:16:00,013 - INFO - SCRAPER: Loaded 63 followers and 596 following from previous session
2025-03-21 06:16:00,013 - INFO - SCRAPER: Profile Stats: {'followers': 878, 'following': 1861, 'posts': 243}
2025-03-21 06:16:00,013 - INFO - SCRAPER: Followers: 878, Following: 1861
2025-03-21 06:16:00,013 - INFO - Saved data to instagram_data/auto_scrape_status.json
2025-03-21 06:16:00,014 - INFO - SCRAPER: Scraping followers...
2025-03-21 06:16:00,014 - INFO - SCRAPER: Error scraping followers: scrape_whole_list() got an unexpected keyword argument 'max_pages'
2025-03-21 06:16:00,014 - INFO - SCRAPER: Scraping following...
2025-03-21 06:16:00,014 - INFO - SCRAPER: Error scraping following: scrape_whole_list() got an unexpected keyword argument 'max_pages'
2025-03-21 06:16:00,014 - INFO - SCRAPER: Getting links to following accounts...
2025-03-21 06:16:00,014 - INFO - SCRAPER: Created 596 following links from usernames
2025-03-21 06:16:00,014 - INFO - SCRAPER: Updated following links file: instagram_data/followingLinks.txt
2025-03-21 06:16:00,014 - INFO - SCRAPER: Updated adjacency list file: instagram_data/adjList.txt
2025-03-21 06:16:00,014 - INFO - SCRAPER: Retrieved 596 following links
2025-03-21 06:16:00,014 - INFO - SCRAPER: Session completed successfully!
2025-03-21 06:16:00,014 - INFO - SCRAPER: Browser closed.
2025-03-21 06:16:00,063 - INFO - Saved data to instagram_data/auto_scrape_status.json
2025-03-21 06:16:00,063 - INFO - Main scraping completed. Progress: 596/1861 following accounts (32.0%)
2025-03-21 06:16:00,063 - INFO - Waiting 11 minutes before processing following accounts
2025-03-21 06:27:00,068 - INFO - Starting following accounts scraping session
2025-03-21 06:27:44,399 - INFO - FOLLOWING SCRAPER: Loaded scraping progress: 3 accounts processed
2025-03-21 06:27:44,400 - INFO - FOLLOWING SCRAPER: Will process 3 accounts in this session
2025-03-21 06:27:44,400 - INFO - FOLLOWING SCRAPER: Logged in using button: //button[contains(.,'Log in')]
2025-03-21 06:27:44,400 - INFO - FOLLOWING SCRAPER: Logged in successfully!
2025-03-21 06:27:44,400 - INFO - FOLLOWING SCRAPER: Loaded 596 links from instagram_data/followingLinks.txt
2025-03-21 06:27:44,400 - INFO - FOLLOWING SCRAPER: Loaded adjacency list from instagram_data/adjList.txt
2025-03-21 06:27:44,400 - INFO - FOLLOWING SCRAPER: Starting batch processing of 3 accounts
2025-03-21 06:27:44,400 - INFO - FOLLOWING SCRAPER: Processing: https://www.instagram.com/nancyaichuan/
2025-03-21 06:27:44,400 - INFO - FOLLOWING SCRAPER: Account nancyaichuan already processed. Skipping.
2025-03-21 06:27:44,400 - INFO - FOLLOWING SCRAPER: Completed 1/3 accounts. 595 remaining in queue.
2025-03-21 06:27:44,400 - INFO - FOLLOWING SCRAPER: Waiting 5 seconds before next account...
2025-03-21 06:27:44,400 - INFO - FOLLOWING SCRAPER: Processing: https://www.instagram.com/zeitgeistfilms/
2025-03-21 06:27:44,400 - INFO - FOLLOWING SCRAPER: Account zeitgeistfilms already processed. Skipping.
2025-03-21 06:27:44,400 - INFO - FOLLOWING SCRAPER: Completed 2/3 accounts. 594 remaining in queue.
2025-03-21 06:27:44,400 - INFO - FOLLOWING SCRAPER: Waiting 5 seconds before next account...
2025-03-21 06:27:44,400 - INFO - FOLLOWING SCRAPER: Processing: https://www.instagram.com/vicf0428/
2025-03-21 06:27:44,400 - INFO - FOLLOWING SCRAPER: Account vicf0428 already processed. Skipping.
2025-03-21 06:27:44,400 - INFO - FOLLOWING SCRAPER: Completed 3/3 accounts. 593 remaining in queue.
2025-03-21 06:27:44,400 - INFO - FOLLOWING SCRAPER: Waiting 5 seconds before next account...
2025-03-21 06:27:44,400 - INFO - FOLLOWING SCRAPER: Batch complete! Processed 3 accounts.
2025-03-21 06:27:44,400 - INFO - FOLLOWING SCRAPER: 593 links remaining for future sessions.
2025-03-21 06:27:44,400 - INFO - FOLLOWING SCRAPER: Browser closed. Script complete.
2025-03-21 06:27:44,453 - INFO - Following scraping completed. 3 accounts processed, 593 remaining.
2025-03-21 06:27:44,453 - INFO - Waiting 80 minutes until next session at 07:47:44
2025-03-21 06:37:47,673 - INFO - 70 minutes remaining until next session
2025-03-21 06:47:51,089 - INFO - 60 minutes remaining until next session
2025-03-21 06:57:54,205 - INFO - 50 minutes remaining until next session
2025-03-21 07:07:57,140 - INFO - 40 minutes remaining until next session
2025-03-21 07:18:00,327 - INFO - 30 minutes remaining until next session
2025-03-21 07:28:03,990 - INFO - 20 minutes remaining until next session
2025-03-21 07:38:07,476 - INFO - 10 minutes remaining until next session
2025-03-21 07:48:10,837 - INFO - Running main account scraping to get more following accounts
2025-03-21 07:48:10,838 - INFO - Starting new scraping session
2025-03-21 07:48:43,720 - INFO - SCRAPER: Logged in using button: //button[contains(.,'Log in')]
2025-03-21 07:48:43,721 - INFO - SCRAPER: Logged in successfully!
2025-03-21 07:48:43,721 - INFO - SCRAPER: Logged in as fretin98
2025-03-21 07:48:43,721 - INFO - SCRAPER: Resuming previous session...
2025-03-21 07:48:43,721 - INFO - SCRAPER: Loaded 63 followers and 596 following from previous session
2025-03-21 07:48:43,721 - INFO - SCRAPER: Profile Stats: {'followers': 878, 'following': 1861, 'posts': 243}
2025-03-21 07:48:43,721 - INFO - SCRAPER: Followers: 878, Following: 1861
2025-03-21 07:48:43,722 - INFO - Saved data to instagram_data/auto_scrape_status.json
2025-03-21 07:48:43,722 - INFO - SCRAPER: Scraping followers...
2025-03-21 07:48:43,722 - INFO - SCRAPER: Error scraping followers: scrape_whole_list() got an unexpected keyword argument 'max_pages'
2025-03-21 07:48:43,722 - INFO - SCRAPER: Scraping following...
2025-03-21 07:48:43,722 - INFO - SCRAPER: Error scraping following: scrape_whole_list() got an unexpected keyword argument 'max_pages'
2025-03-21 07:48:43,722 - INFO - SCRAPER: Getting links to following accounts...
2025-03-21 07:48:43,722 - INFO - SCRAPER: Created 596 following links from usernames
2025-03-21 07:48:43,722 - INFO - SCRAPER: Updated following links file: instagram_data/followingLinks.txt
2025-03-21 07:48:43,722 - INFO - SCRAPER: Updated adjacency list file: instagram_data/adjList.txt
2025-03-21 07:48:43,722 - INFO - SCRAPER: Retrieved 596 following links
2025-03-21 07:48:43,723 - INFO - SCRAPER: Session completed successfully!
2025-03-21 07:48:43,723 - INFO - SCRAPER: Browser closed.
2025-03-21 07:48:43,772 - INFO - Saved data to instagram_data/auto_scrape_status.json
2025-03-21 07:48:43,773 - INFO - Main scraping completed. Progress: 596/1861 following accounts (32.0%)
2025-03-21 07:48:43,773 - INFO - Waiting 20 minutes before processing following accounts
2025-03-21 08:08:43,783 - INFO - Starting following accounts scraping session
2025-03-21 08:09:27,907 - INFO - FOLLOWING SCRAPER: Loaded scraping progress: 3 accounts processed
2025-03-21 08:09:27,908 - INFO - FOLLOWING SCRAPER: Will process 3 accounts in this session
2025-03-21 08:09:27,908 - INFO - FOLLOWING SCRAPER: Logged in using button: //button[contains(.,'Log in')]
2025-03-21 08:09:27,908 - INFO - FOLLOWING SCRAPER: Logged in successfully!
2025-03-21 08:09:27,908 - INFO - FOLLOWING SCRAPER: Loaded 596 links from instagram_data/followingLinks.txt
2025-03-21 08:09:27,908 - INFO - FOLLOWING SCRAPER: Loaded adjacency list from instagram_data/adjList.txt
2025-03-21 08:09:27,908 - INFO - FOLLOWING SCRAPER: Starting batch processing of 3 accounts
2025-03-21 08:09:27,908 - INFO - FOLLOWING SCRAPER: Processing: https://www.instagram.com/nancyaichuan/
2025-03-21 08:09:27,908 - INFO - FOLLOWING SCRAPER: Account nancyaichuan already processed. Skipping.
2025-03-21 08:09:27,908 - INFO - FOLLOWING SCRAPER: Completed 1/3 accounts. 595 remaining in queue.
2025-03-21 08:09:27,908 - INFO - FOLLOWING SCRAPER: Waiting 5 seconds before next account...
2025-03-21 08:09:27,908 - INFO - FOLLOWING SCRAPER: Processing: https://www.instagram.com/zeitgeistfilms/
2025-03-21 08:09:27,908 - INFO - FOLLOWING SCRAPER: Account zeitgeistfilms already processed. Skipping.
2025-03-21 08:09:27,908 - INFO - FOLLOWING SCRAPER: Completed 2/3 accounts. 594 remaining in queue.
2025-03-21 08:09:27,908 - INFO - FOLLOWING SCRAPER: Waiting 5 seconds before next account...
2025-03-21 08:09:27,908 - INFO - FOLLOWING SCRAPER: Processing: https://www.instagram.com/vicf0428/
2025-03-21 08:09:27,908 - INFO - FOLLOWING SCRAPER: Account vicf0428 already processed. Skipping.
2025-03-21 08:09:27,908 - INFO - FOLLOWING SCRAPER: Completed 3/3 accounts. 593 remaining in queue.
2025-03-21 08:09:27,908 - INFO - FOLLOWING SCRAPER: Waiting 5 seconds before next account...
2025-03-21 08:09:27,908 - INFO - FOLLOWING SCRAPER: Batch complete! Processed 3 accounts.
2025-03-21 08:09:27,908 - INFO - FOLLOWING SCRAPER: 593 links remaining for future sessions.
2025-03-21 08:09:27,908 - INFO - FOLLOWING SCRAPER: Browser closed. Script complete.
2025-03-21 08:09:27,956 - INFO - Following scraping completed. 3 accounts processed, 593 remaining.
2025-03-21 08:09:27,956 - INFO - Waiting 62 minutes until next session at 09:11:27
2025-03-21 08:19:31,473 - INFO - 52 minutes remaining until next session
2025-03-21 08:29:34,811 - INFO - 42 minutes remaining until next session
2025-03-21 08:39:37,753 - INFO - 32 minutes remaining until next session
2025-03-21 08:49:40,712 - INFO - 22 minutes remaining until next session
2025-03-21 08:59:43,799 - INFO - 12 minutes remaining until next session
2025-03-21 09:09:46,769 - INFO - 2 minutes remaining until next session
2025-03-21 09:11:47,370 - INFO - Only 11.5 minutes since last run. Waiting at least 45 minutes between runs.
2025-03-21 09:11:47,370 - INFO - Waiting 60 minutes before checking again
