2025-03-24 12:33:47,669 - INFO - ============================================================
2025-03-24 12:33:47,669 - INFO - Instagram Auto Scraper Starting
2025-03-24 12:33:47,669 - INFO - ============================================================
2025-03-24 12:33:47,669 - INFO - Auto-scraper script started
2025-03-24 12:33:47,669 - INFO - Inspecting links file for format issues
2025-03-24 12:33:47,671 - INFO - Links file contains 1812 lines
2025-03-24 12:33:47,671 - INFO - First 3 links: ['https://www.instagram.com/sonymusicsoundtracks/', 'https://www.instagram.com/benton.down/', 'https://www.instagram.com/ralphlauren/']
2025-03-24 12:33:47,671 - INFO - Last 3 links: ['https://www.instagram.com/thepennclub/', 'https://www.instagram.com/lsmartfund/', 'https://www.instagram.com/perpetual.passion/']
2025-03-24 12:33:47,672 - INFO - Performing initial duplicate check on following links
2025-03-24 12:33:47,672 - INFO - No duplicate links found in instagram_data/followingLinks.txt
2025-03-24 12:33:47,672 - INFO - Checking and removing already processed links
2025-03-24 12:33:47,675 - INFO - Found 398 processed accounts in adjList.txt
2025-03-24 12:33:47,675 - INFO - Found 1812 links in followingLinks.txt
2025-03-24 12:33:47,676 - INFO - Saved 1759 links to instagram_data/followingLinks.txt with lock
2025-03-24 12:33:47,676 - INFO - Removed 53 already processed links from followingLinks.txt
2025-03-24 12:33:47,676 - INFO - Examples of removed accounts: ['zhuoyan_wang', 'aliciahe__', 'jasonkingwow', 'chris_xueyiming', 'wanna__tattoo']
2025-03-24 12:33:47,676 - INFO - Fetching current follower and following counts from profile...
2025-03-24 12:34:20,418 - INFO - PROFILE CHECK: Logged in using button: //button[contains(.,'Log in')]
2025-03-24 12:34:20,419 - INFO - PROFILE CHECK: Logged in successfully!
2025-03-24 12:34:20,420 - INFO - PROFILE CHECK: Logged in as fretin98
2025-03-24 12:34:20,420 - INFO - PROFILE CHECK: Profile Stats: {'followers': 879, 'following': 1865, 'posts': 243}
2025-03-24 12:34:20,420 - INFO - Found profile stats
2025-03-24 12:34:20,420 - INFO - PROFILE CHECK: Followers: 879, Following: 1865
2025-03-24 12:34:20,420 - INFO - Extracted total followers: 879
2025-03-24 12:34:20,420 - INFO - Extracted total following: 1865
2025-03-24 12:34:20,420 - INFO - PROFILE CHECK: Session completed successfully!
2025-03-24 12:34:20,420 - INFO - PROFILE CHECK: Browser closed.
2025-03-24 12:34:20,464 - INFO - Updating status with initial profile counts - Followers: 879, Following: 1865
2025-03-24 12:34:20,465 - INFO - Saved data to instagram_data/auto_scrape_status.json
2025-03-24 12:34:20,466 - INFO - Current counts in status file - Followers: 879, Following: 1865
2025-03-24 12:34:20,466 - INFO - Following collection progress: 1862/1865 (99.8%)
2025-03-24 12:34:20,466 - INFO - All followers collected! 879/879
2025-03-24 12:34:20,467 - INFO - Current counts in status file - Followers: 879, Following: 1865
2025-03-24 12:34:20,467 - INFO - Current counts in status file - Followers: 879, Following: 1865
2025-03-24 12:34:20,467 - INFO - Randomly skipping this session to create a more human-like pattern
2025-03-24 12:34:20,467 - INFO - Will check again in 52 minutes
2025-03-24 12:54:07,019 - INFO - Scraper interrupted by user
2025-03-24 12:54:07,021 - INFO - Auto-scraper script ended
